0 info it worked if it ends with ok
1 verbose cli [ 'C:\\Archivos de programa\\nodejs\\\\node.exe',
1 verbose cli   'C:\\Archivos de programa\\nodejs\\node_modules\\npm\\bin\\npm-cli.js',
1 verbose cli   'install',
1 verbose cli   'mongodb',
1 verbose cli   '3.x',
1 verbose cli   '--save' ]
2 info using npm@1.4.28
3 info using node@v0.10.33
4 verbose node symlink C:\Archivos de programa\nodejs\\node.exe
5 warn package.json FactuMongoDb@0.0.1 No repository field.
6 warn package.json FactuMongoDb@0.0.1 No README data
7 verbose readDependencies using package.json deps
8 verbose cache add [ 'mongodb', null ]
9 verbose cache add name=undefined spec="mongodb" args=["mongodb",null]
10 verbose parsed url { protocol: null,
10 verbose parsed url   slashes: null,
10 verbose parsed url   auth: null,
10 verbose parsed url   host: null,
10 verbose parsed url   port: null,
10 verbose parsed url   hostname: null,
10 verbose parsed url   hash: null,
10 verbose parsed url   search: null,
10 verbose parsed url   query: null,
10 verbose parsed url   pathname: 'mongodb',
10 verbose parsed url   path: 'mongodb',
10 verbose parsed url   href: 'mongodb' }
11 verbose cache add [ '3.x', null ]
12 verbose cache add name=undefined spec="3.x" args=["3.x",null]
13 verbose parsed url { protocol: null,
13 verbose parsed url   slashes: null,
13 verbose parsed url   auth: null,
13 verbose parsed url   host: null,
13 verbose parsed url   port: null,
13 verbose parsed url   hostname: null,
13 verbose parsed url   hash: null,
13 verbose parsed url   search: null,
13 verbose parsed url   query: null,
13 verbose parsed url   pathname: '3.x',
13 verbose parsed url   path: '3.x',
13 verbose parsed url   href: '3.x' }
14 silly lockFile 7f1c982e-mongodb mongodb
15 verbose lock mongodb C:\Documents and Settings\USUARIO\Datos de programa\npm-cache\7f1c982e-mongodb.lock
16 silly lockFile 2a75ee1c-3-x 3.x
17 verbose lock 3.x C:\Documents and Settings\USUARIO\Datos de programa\npm-cache\2a75ee1c-3-x.lock
18 silly lockFile 7f1c982e-mongodb mongodb
19 silly lockFile 7f1c982e-mongodb mongodb
20 silly lockFile 2a75ee1c-3-x 3.x
21 silly lockFile 2a75ee1c-3-x 3.x
22 verbose addNamed [ 'mongodb', '' ]
23 verbose addNamed [ null, '*' ]
24 silly lockFile 886df635-mongodb mongodb@
25 verbose lock mongodb@ C:\Documents and Settings\USUARIO\Datos de programa\npm-cache\886df635-mongodb.lock
26 verbose addNamed [ '3.x', '' ]
27 verbose addNamed [ null, '*' ]
28 silly lockFile 6b88ff39-3-x 3.x@
29 verbose lock 3.x@ C:\Documents and Settings\USUARIO\Datos de programa\npm-cache\6b88ff39-3-x.lock
30 silly addNameRange { name: 'mongodb', range: '*', hasData: false }
31 silly addNameRange { name: '3.x', range: '*', hasData: false }
32 verbose request where is /3.x
33 verbose request registry https://registry.npmjs.org/
34 verbose request id 542fa999148b22e4
35 verbose url raw /3.x
36 verbose url resolving [ 'https://registry.npmjs.org/', './3.x' ]
37 verbose url resolved https://registry.npmjs.org/3.x
38 verbose request where is https://registry.npmjs.org/3.x
39 info trying registry request attempt 1 at 19:52:02
40 http GET https://registry.npmjs.org/3.x
41 verbose request where is /mongodb
42 verbose request registry https://registry.npmjs.org/
43 verbose url raw /mongodb
44 verbose url resolving [ 'https://registry.npmjs.org/', './mongodb' ]
45 verbose url resolved https://registry.npmjs.org/mongodb
46 verbose request where is https://registry.npmjs.org/mongodb
47 info trying registry request attempt 1 at 19:52:02
48 verbose etag W/"5958668b-981ad"
49 http GET https://registry.npmjs.org/mongodb
50 http 304 https://registry.npmjs.org/mongodb
51 silly registry.get cb [ 304,
51 silly registry.get   { date: 'Mon, 03 Jul 2017 17:49:39 GMT',
51 silly registry.get     via: '1.1 varnish',
51 silly registry.get     'cache-control': 'max-age=300',
51 silly registry.get     etag: 'W/"5958668b-981ad"',
51 silly registry.get     age: '274',
51 silly registry.get     connection: 'keep-alive',
51 silly registry.get     'x-served-by': 'cache-mad9435-MAD',
51 silly registry.get     'x-cache': 'HIT',
51 silly registry.get     'x-cache-hits': '1',
51 silly registry.get     'x-timer': 'S1499104180.515500,VS0,VE1',
51 silly registry.get     vary: 'Accept-Encoding' } ]
52 verbose etag https://registry.npmjs.org/mongodb from cache
53 silly addNameRange number 2 { name: 'mongodb', range: '*', hasData: true }
54 silly addNameRange versions [ 'mongodb',
54 silly addNameRange   [ '0.9.4',
54 silly addNameRange     '0.9.4-4',
54 silly addNameRange     '0.9.3',
54 silly addNameRange     '0.9.1',
54 silly addNameRange     '0.9.2',
54 silly addNameRange     '0.9.6-7',
54 silly addNameRange     '0.9.6-8',
54 silly addNameRange     '0.9.6-9',
54 silly addNameRange     '0.9.6-10',
54 silly addNameRange     '0.9.6-11',
54 silly addNameRange     '0.9.6-12',
54 silly addNameRange     '0.9.6-13',
54 silly addNameRange     '0.9.6-14',
54 silly addNameRange     '0.9.6-15',
54 silly addNameRange     '0.9.6-16',
54 silly addNameRange     '0.9.6-17',
54 silly addNameRange     '0.9.6-18',
54 silly addNameRange     '0.9.6-19',
54 silly addNameRange     '0.9.6-20',
54 silly addNameRange     '0.9.6-21',
54 silly addNameRange     '0.9.6-22',
54 silly addNameRange     '0.9.6-23',
54 silly addNameRange     '0.9.7',
54 silly addNameRange     '0.9.7-0',
54 silly addNameRange     '0.9.7-1',
54 silly addNameRange     '0.9.7-1.1',
54 silly addNameRange     '0.9.7-1.2',
54 silly addNameRange     '0.9.7-1.3',
54 silly addNameRange     '0.9.7-1.4',
54 silly addNameRange     '0.9.7-2',
54 silly addNameRange     '0.9.7-2-1',
54 silly addNameRange     '0.9.7-2-2',
54 silly addNameRange     '0.9.7-2-3',
54 silly addNameRange     '0.9.7-2-4',
54 silly addNameRange     '0.9.7-2-5',
54 silly addNameRange     '0.9.7-3',
54 silly addNameRange     '0.9.7-3-1',
54 silly addNameRange     '0.9.7-3-2',
54 silly addNameRange     '0.9.7-3-3',
54 silly addNameRange     '0.9.7-3-4',
54 silly addNameRange     '0.9.7-3-5',
54 silly addNameRange     '0.9.8',
54 silly addNameRange     '0.9.8-1',
54 silly addNameRange     '0.9.8-2',
54 silly addNameRange     '0.9.8-3',
54 silly addNameRange     '0.9.8-4',
54 silly addNameRange     '0.9.8-5',
54 silly addNameRange     '0.9.8-6',
54 silly addNameRange     '0.9.8-7',
54 silly addNameRange     '0.9.9',
54 silly addNameRange     '0.9.9-1',
54 silly addNameRange     '0.9.9-2',
54 silly addNameRange     '0.9.9-3',
54 silly addNameRange     '0.9.9-4',
54 silly addNameRange     '0.9.9-5',
54 silly addNameRange     '0.9.9-6',
54 silly addNameRange     '0.9.9-7',
54 silly addNameRange     '0.9.9-8',
54 silly addNameRange     '1.0.0',
54 silly addNameRange     '1.0.1',
54 silly addNameRange     '1.0.2',
54 silly addNameRange     '1.1.0-beta',
54 silly addNameRange     '1.1.0',
54 silly addNameRange     '1.1.1',
54 silly addNameRange     '1.1.2',
54 silly addNameRange     '1.1.3',
54 silly addNameRange     '1.1.4',
54 silly addNameRange     '1.1.5',
54 silly addNameRange     '1.1.6',
54 silly addNameRange     '1.1.7',
54 silly addNameRange     '1.1.8',
54 silly addNameRange     '1.1.9',
54 silly addNameRange     '1.1.10',
54 silly addNameRange     '1.1.11',
54 silly addNameRange     '1.2.0',
54 silly addNameRange     '1.2.1',
54 silly addNameRange     '1.2.2',
54 silly addNameRange     '1.2.3',
54 silly addNameRange     '1.2.4',
54 silly addNameRange     '1.2.5',
54 silly addNameRange     '1.2.6',
54 silly addNameRange     '1.2.7',
54 silly addNameRange     '1.2.8',
54 silly addNameRange     '1.2.9',
54 silly addNameRange     '1.2.10',
54 silly addNameRange     '1.2.11',
54 silly addNameRange     '1.2.12',
54 silly addNameRange     '1.2.13',
54 silly addNameRange     '1.2.14',
54 silly addNameRange     '1.3.0',
54 silly addNameRange     '1.3.1',
54 silly addNameRange     '1.3.2',
54 silly addNameRange     '1.3.3',
54 silly addNameRange     '1.3.4',
54 silly addNameRange     '1.3.5',
54 silly addNameRange     '1.3.6',
54 silly addNameRange     '1.3.7',
54 silly addNameRange     '1.3.8',
54 silly addNameRange     '1.3.9',
54 silly addNameRange     '1.3.10',
54 silly addNameRange     '1.3.11',
54 silly addNameRange     '1.3.12',
54 silly addNameRange     '1.3.14',
54 silly addNameRange     '1.3.15',
54 silly addNameRange     '1.3.17',
54 silly addNameRange     '1.3.18',
54 silly addNameRange     '1.3.19',
54 silly addNameRange     '1.4.0-rc2',
54 silly addNameRange     '1.3.20',
54 silly addNameRange     '1.4.0-rc3',
54 silly addNameRange     '1.3.21',
54 silly addNameRange     '1.3.22',
54 silly addNameRange     '1.3.23',
54 silly addNameRange     '1.4.0-rc4',
54 silly addNameRange     '1.4.0-rc5',
54 silly addNameRange     '1.4.0-rc6',
54 silly addNameRange     '1.4.0-rc7',
54 silly addNameRange     '1.4.0-rc8',
54 silly addNameRange     '1.4.0-rc9',
54 silly addNameRange     '1.4.0-rc10',
54 silly addNameRange     '1.4.0',
54 silly addNameRange     '1.4.1',
54 silly addNameRange     '1.4.2',
54 silly addNameRange     '1.4.3',
54 silly addNameRange     '1.4.4',
54 silly addNameRange     '1.4.5',
54 silly addNameRange     '1.4.6',
54 silly addNameRange     '1.4.7',
54 silly addNameRange     '1.4.8',
54 silly addNameRange     '1.4.9',
54 silly addNameRange     '1.4.10',
54 silly addNameRange     '2.0.0-alpha1',
54 silly addNameRange     '1.4.11',
54 silly addNameRange     '1.4.12',
54 silly addNameRange     '1.4.14',
54 silly addNameRange     '1.4.15',
54 silly addNameRange     '1.4.16',
54 silly addNameRange     '1.4.17',
54 silly addNameRange     '2.0.0-alpha2',
54 silly addNameRange     '1.4.18',
54 silly addNameRange     '2.0.0',
54 silly addNameRange     '2.0.1',
54 silly addNameRange     '2.0.2',
54 silly addNameRange     '1.4.19',
54 silly addNameRange     '2.0.3',
54 silly addNameRange     '2.0.4',
54 silly addNameRange     '2.0.5',
54 silly addNameRange     '2.0.6',
54 silly addNameRange     '1.4.20',
54 silly addNameRange     '1.4.22',
54 silly addNameRange     '2.0.7',
54 silly addNameRange     '2.0.8',
54 silly addNameRange     '2.0.9',
54 silly addNameRange     '1.4.23',
54 silly addNameRange     '2.0.10',
54 silly addNameRange     '1.4.24',
54 silly addNameRange     '2.0.11',
54 silly addNameRange     '1.4.25',
54 silly addNameRange     '2.0.12',
54 silly addNameRange     '1.4.26',
54 silly addNameRange     '1.4.27',
54 silly addNameRange     '1.4.28',
54 silly addNameRange     '2.0.13',
54 silly addNameRange     '2.0.14',
54 silly addNameRange     '1.4.29',
54 silly addNameRange     '2.0.15',
54 silly addNameRange     '1.4.30',
54 silly addNameRange     '2.0.16',
54 silly addNameRange     '1.4.31',
54 silly addNameRange     '2.0.17',
54 silly addNameRange     '1.4.32',
54 silly addNameRange     '2.0.18',
54 silly addNameRange     '2.0.19',
54 silly addNameRange     '1.4.33',
54 silly addNameRange     '2.0.20',
54 silly addNameRange     '2.0.21',
54 silly addNameRange     '1.4.34',
54 silly addNameRange     '2.0.22',
54 silly addNameRange     '2.0.23',
54 silly addNameRange     '1.4.35',
54 silly addNameRange     '2.0.24',
54 silly addNameRange     '2.0.25',
54 silly addNameRange     '2.0.26',
54 silly addNameRange     '2.0.27',
54 silly addNameRange     '2.0.28',
54 silly addNameRange     '2.0.29',
54 silly addNameRange     '1.4.36',
54 silly addNameRange     '2.0.30',
54 silly addNameRange     '1.4.37',
54 silly addNameRange     '2.0.31',
54 silly addNameRange     '1.4.38',
54 silly addNameRange     '2.0.32',
54 silly addNameRange     '2.0.33',
54 silly addNameRange     '2.1.0-alpha',
54 silly addNameRange     '2.0.34',
54 silly addNameRange     '2.0.35',
54 silly addNameRange     '2.0.36',
54 silly addNameRange     '2.0.37',
54 silly addNameRange     '2.0.38',
54 silly addNameRange     '2.0.39',
54 silly addNameRange     '1.4.39',
54 silly addNameRange     '2.0.40',
54 silly addNameRange     '2.0.41',
54 silly addNameRange     '2.0.42',
54 silly addNameRange     '2.0.43',
54 silly addNameRange     '2.0.44',
54 silly addNameRange     '2.0.45',
54 silly addNameRange     '2.0.46',
54 silly addNameRange     '2.0.47',
54 silly addNameRange     '2.0.48',
54 silly addNameRange     '2.1.0-rc1',
54 silly addNameRange     '2.0.49',
54 silly addNameRange     '2.0.50',
54 silly addNameRange     '2.1.0',
54 silly addNameRange     '2.0.51',
54 silly addNameRange     '2.1.1',
54 silly addNameRange     '2.0.52',
54 silly addNameRange     '2.0.53',
54 silly addNameRange     '2.1.2',
54 silly addNameRange     '2.1.3',
54 silly addNameRange     '2.0.54',
54 silly addNameRange     '2.0.55',
54 silly addNameRange     '1.4.40',
54 silly addNameRange     '2.1.4',
54 silly addNameRange     '2.1.5',
54 silly addNameRange     '2.1.6',
54 silly addNameRange     '2.1.7',
54 silly addNameRange     '2.1.8',
54 silly addNameRange     '2.1.9',
54 silly addNameRange     '2.1.10',
54 silly addNameRange     '2.1.11',
54 silly addNameRange     '2.1.12',
54 silly addNameRange     '2.1.13',
54 silly addNameRange     '2.1.14',
54 silly addNameRange     '2.1.15',
54 silly addNameRange     '2.1.16',
54 silly addNameRange     '2.1.17',
54 silly addNameRange     '2.1.18',
54 silly addNameRange     '2.1.19',
54 silly addNameRange     '2.1.20',
54 silly addNameRange     '2.1.21',
54 silly addNameRange     '2.1.22-alpha',
54 silly addNameRange     '2.1.22-alpha2',
54 silly addNameRange     '2.1.22-alpha3',
54 silly addNameRange     '2.1.22-alpha4',
54 silly addNameRange     '2.2.0-alpha1',
54 silly addNameRange     '2.2.0-alpha2',
54 silly addNameRange     '2.2.0',
54 silly addNameRange     '2.2.1',
54 silly addNameRange     '2.2.2',
54 silly addNameRange     '2.2.3',
54 silly addNameRange     '2.2.4',
54 silly addNameRange     '2.2.5',
54 silly addNameRange     '2.2.6',
54 silly addNameRange     '2.2.7',
54 silly addNameRange     '2.2.8',
54 silly addNameRange     '2.2.9',
54 silly addNameRange     '2.2.10',
54 silly addNameRange     '2.2.11',
54 silly addNameRange     '2.2.12',
54 silly addNameRange     '2.2.13',
54 silly addNameRange     '2.2.14',
54 silly addNameRange     '2.2.15',
54 silly addNameRange     '2.2.16',
54 silly addNameRange     '2.2.17',
54 silly addNameRange     '2.2.18',
54 silly addNameRange     '2.2.19',
54 silly addNameRange     '2.2.20',
54 silly addNameRange     '2.2.21',
54 silly addNameRange     '2.2.22',
54 silly addNameRange     '2.2.23',
54 silly addNameRange     '2.2.24',
54 silly addNameRange     '2.2.25',
54 silly addNameRange     '2.2.26',
54 silly addNameRange     '2.2.27',
54 silly addNameRange     '2.2.28',
54 silly addNameRange     '2.2.29' ] ]
55 verbose addNamed [ 'mongodb', '2.2.29' ]
56 verbose addNamed [ '2.2.29', '2.2.29' ]
57 silly lockFile fb359907-mongodb-2-2-29 mongodb@2.2.29
58 verbose lock mongodb@2.2.29 C:\Documents and Settings\USUARIO\Datos de programa\npm-cache\fb359907-mongodb-2-2-29.lock
59 silly lockFile fb359907-mongodb-2-2-29 mongodb@2.2.29
60 silly lockFile fb359907-mongodb-2-2-29 mongodb@2.2.29
61 silly lockFile 886df635-mongodb mongodb@
62 silly lockFile 886df635-mongodb mongodb@
63 http 404 https://registry.npmjs.org/3.x
64 silly registry.get cb [ 404,
64 silly registry.get   { 'content-type': 'application/json',
64 silly registry.get     'cache-control': 'max-age=0',
64 silly registry.get     'content-length': '2',
64 silly registry.get     'accept-ranges': 'bytes',
64 silly registry.get     date: 'Mon, 03 Jul 2017 17:49:40 GMT',
64 silly registry.get     via: '1.1 varnish',
64 silly registry.get     age: '0',
64 silly registry.get     connection: 'keep-alive',
64 silly registry.get     'x-served-by': 'cache-mad9424-MAD',
64 silly registry.get     'x-cache': 'MISS',
64 silly registry.get     'x-cache-hits': '0',
64 silly registry.get     'x-timer': 'S1499104180.503901,VS0,VE787',
64 silly registry.get     vary: 'Accept-Encoding' } ]
65 silly lockFile 6b88ff39-3-x 3.x@
66 silly lockFile 6b88ff39-3-x 3.x@
67 error 404 Not Found
67 error 404
67 error 404 '3.x' is not in the npm registry.
67 error 404 You should bug the author to publish it
67 error 404 It was specified as a dependency of 'FactuMongoDb'
67 error 404
67 error 404 Note that you can also install from a
67 error 404 tarball, folder, or http url, or git url.
68 error System Windows_NT 5.1.2600
69 error command "C:\\Archivos de programa\\nodejs\\\\node.exe" "C:\\Archivos de programa\\nodejs\\node_modules\\npm\\bin\\npm-cli.js" "install" "mongodb" "3.x" "--save"
70 error cwd C:\factumongodb
71 error node -v v0.10.33
72 error npm -v 1.4.28
73 error code E404
74 verbose exit [ 1, true ]
